# JRE version: OpenJDK Runtime Environment (17.0.11) (build 17.0.11+0--11852314)
# Java VM: OpenJDK 64-Bit Server VM (17.0.11+0--11852314, mixed mode, tiered, compressed oops, compressed class ptrs, g1 gc, windows-amd64)
GC Precious Log:
 CPUs: 8 total, 8 available
 Memory: 7991M
 Large Page Support: Disabled
 NUMA Support: Disabled
 Compressed Oops: Enabled (32-bit)
 Heap Region Size: 1M
 Heap Min Capacity: 8M
 Heap Initial Capacity: 126M
 Heap Max Capacity: 2G
 Pre-touch: Disabled
 Parallel Workers: 8
 Concurrent Workers: 2
 Concurrent Refinement Workers: 8
 Periodic GC: Disabled
Heap:
 garbage-first heap   total 145408K, used 98332K [0x0000000080000000, 0x0000000100000000)
  region size 1024K, 2 young (2048K), 2 survivors (2048K)
 Metaspace       used 81934K, committed 82496K, reserved 1179648K
  class space    used 11379K, committed 11648K, reserved 1048576K
GC Heap History (20 events):
Event: 9.161 GC heap after
{Heap after GC invocations=27 (full 0):
 garbage-first heap   total 84992K, used 44236K [0x0000000080000000, 0x0000000100000000)
  region size 1024K, 2 young (2048K), 2 survivors (2048K)
 Metaspace       used 65733K, committed 66304K, reserved 1114112K
  class space    used 9456K, committed 9728K, reserved 1048576K
}
Event: 9.184 GC heap before
{Heap before GC invocations=27 (full 0):
 garbage-first heap   total 84992K, used 46284K [0x0000000080000000, 0x0000000100000000)
  region size 1024K, 4 young (4096K), 2 survivors (2048K)
 Metaspace       used 66011K, committed 66496K, reserved 1114112K
  class space    used 9491K, committed 9728K, reserved 1048576K
}
Event: 9.186 GC heap after
{Heap after GC invocations=28 (full 0):
 garbage-first heap   total 84992K, used 43726K [0x0000000080000000, 0x0000000100000000)
  region size 1024K, 1 young (1024K), 1 survivors (1024K)
 Metaspace       used 66011K, committed 66496K, reserved 1114112K
  class space    used 9491K, committed 9728K, reserved 1048576K
}
Event: 9.496 GC heap before
{Heap before GC invocations=28 (full 0):
 garbage-first heap   total 84992K, used 67278K [0x0000000080000000, 0x0000000100000000)
  region size 1024K, 25 young (25600K), 1 survivors (1024K)
 Metaspace       used 69630K, committed 70208K, reserved 1114112K
  class space    used 9921K, committed 10176K, reserved 1048576K
}
Event: 9.498 GC heap after
{Heap after GC invocations=29 (full 0):
 garbage-first heap   total 84992K, used 44160K [0x0000000080000000, 0x0000000100000000)
  region size 1024K, 1 young (1024K), 1 survivors (1024K)
 Metaspace       used 69630K, committed 70208K, reserved 1114112K
  class space    used 9921K, committed 10176K, reserved 1048576K
}
Event: 9.960 GC heap before
{Heap before GC invocations=30 (full 0):
 garbage-first heap   total 84992K, used 68736K [0x0000000080000000, 0x0000000100000000)
  region size 1024K, 26 young (26624K), 1 survivors (1024K)
 Metaspace       used 73443K, committed 74048K, reserved 1114112K
  class space    used 10421K, committed 10688K, reserved 1048576K
}
Event: 9.963 GC heap after
{Heap after GC invocations=31 (full 0):
 garbage-first heap   total 84992K, used 44655K [0x0000000080000000, 0x0000000100000000)
  region size 1024K, 2 young (2048K), 2 survivors (2048K)
 Metaspace       used 73443K, committed 74048K, reserved 1114112K
  class space    used 10421K, committed 10688K, reserved 1048576K
}
Event: 10.007 GC heap before
{Heap before GC invocations=31 (full 0):
 garbage-first heap   total 84992K, used 46703K [0x0000000080000000, 0x0000000100000000)
  region size 1024K, 4 young (4096K), 2 survivors (2048K)
 Metaspace       used 73747K, committed 74368K, reserved 1114112K
  class space    used 10476K, committed 10752K, reserved 1048576K
}
Event: 10.010 GC heap after
{Heap after GC invocations=32 (full 0):
 garbage-first heap   total 84992K, used 44190K [0x0000000080000000, 0x0000000100000000)
  region size 1024K, 1 young (1024K), 1 survivors (1024K)
 Metaspace       used 73747K, committed 74368K, reserved 1114112K
  class space    used 10476K, committed 10752K, reserved 1048576K
}
Event: 10.281 GC heap before
{Heap before GC invocations=32 (full 0):
 garbage-first heap   total 84992K, used 77982K [0x0000000080000000, 0x0000000100000000)
  region size 1024K, 27 young (27648K), 1 survivors (1024K)
 Metaspace       used 74662K, committed 75264K, reserved 1114112K
  class space    used 10559K, committed 10816K, reserved 1048576K
}
Event: 10.286 GC heap after
{Heap after GC invocations=33 (full 0):
 garbage-first heap   total 145408K, used 57963K [0x0000000080000000, 0x0000000100000000)
  region size 1024K, 4 young (4096K), 4 survivors (4096K)
 Metaspace       used 74662K, committed 75264K, reserved 1114112K
  class space    used 10559K, committed 10816K, reserved 1048576K
}
Event: 10.596 GC heap before
{Heap before GC invocations=34 (full 0):
 garbage-first heap   total 145408K, used 123499K [0x0000000080000000, 0x0000000100000000)
  region size 1024K, 60 young (61440K), 4 survivors (4096K)
 Metaspace       used 74667K, committed 75264K, reserved 1114112K
  class space    used 10560K, committed 10816K, reserved 1048576K
}
Event: 10.607 GC heap after
{Heap after GC invocations=35 (full 0):
 garbage-first heap   total 145408K, used 71082K [0x0000000080000000, 0x0000000100000000)
  region size 1024K, 8 young (8192K), 8 survivors (8192K)
 Metaspace       used 74667K, committed 75264K, reserved 1114112K
  class space    used 10560K, committed 10816K, reserved 1048576K
}
Event: 10.611 GC heap before
{Heap before GC invocations=35 (full 0):
 garbage-first heap   total 145408K, used 72106K [0x0000000080000000, 0x0000000100000000)
  region size 1024K, 9 young (9216K), 8 survivors (8192K)
 Metaspace       used 74667K, committed 75264K, reserved 1114112K
  class space    used 10560K, committed 10816K, reserved 1048576K
}
Event: 10.617 GC heap after
{Heap after GC invocations=36 (full 0):
 garbage-first heap   total 145408K, used 72704K [0x0000000080000000, 0x0000000100000000)
  region size 1024K, 1 young (1024K), 1 survivors (1024K)
 Metaspace       used 74667K, committed 75264K, reserved 1114112K
  class space    used 10560K, committed 10816K, reserved 1048576K
}
Event: 10.975 GC heap before
{Heap before GC invocations=36 (full 0):
 garbage-first heap   total 145408K, used 112640K [0x0000000080000000, 0x0000000100000000)
  region size 1024K, 39 young (39936K), 1 survivors (1024K)
 Metaspace       used 76977K, committed 77504K, reserved 1179648K
  class space    used 10858K, committed 11136K, reserved 1048576K
}
Event: 10.985 GC heap after
{Heap after GC invocations=37 (full 0):
 garbage-first heap   total 145408K, used 75741K [0x0000000080000000, 0x0000000100000000)
  region size 1024K, 5 young (5120K), 5 survivors (5120K)
 Metaspace       used 76977K, committed 77504K, reserved 1179648K
  class space    used 10858K, committed 11136K, reserved 1048576K
}
Event: 11.385 GC heap before
{Heap before GC invocations=37 (full 0):
 garbage-first heap   total 145408K, used 127965K [0x0000000080000000, 0x0000000100000000)
  region size 1024K, 40 young (40960K), 5 survivors (5120K)
 Metaspace       used 79576K, committed 80192K, reserved 1179648K
  class space    used 11124K, committed 11392K, reserved 1048576K
}
Event: 11.391 GC heap after
{Heap after GC invocations=38 (full 0):
 garbage-first heap   total 145408K, used 96256K [0x0000000080000000, 0x0000000100000000)
  region size 1024K, 5 young (5120K), 5 survivors (5120K)
 Metaspace       used 79576K, committed 80192K, reserved 1179648K
  class space    used 11124K, committed 11392K, reserved 1048576K
}
Event: 11.756 GC heap before
{Heap before GC invocations=38 (full 0):
 garbage-first heap   total 145408K, used 118784K [0x0000000080000000, 0x0000000100000000)
  region size 1024K, 27 young (27648K), 5 survivors (5120K)
 Metaspace       used 81934K, committed 82496K, reserved 1179648K
  class space    used 11379K, committed 11648K, reserved 1048576K
}

