# JRE version: OpenJDK Runtime Environment (17.0.11) (build 17.0.11+0--11852314)
# Java VM: OpenJDK 64-Bit Server VM (17.0.11+0--11852314, mixed mode, tiered, compressed oops, compressed class ptrs, g1 gc, windows-amd64)
GC Precious Log:
 CPUs: 8 total, 8 available
 Memory: 7991M
 Large Page Support: Disabled
 NUMA Support: Disabled
 Compressed Oops: Enabled (32-bit)
 Heap Region Size: 1M
 Heap Min Capacity: 8M
 Heap Initial Capacity: 126M
 Heap Max Capacity: 2G
 Pre-touch: Disabled
 Parallel Workers: 8
 Concurrent Workers: 2
 Concurrent Refinement Workers: 8
 Periodic GC: Disabled
Heap:
 garbage-first heap   total 291840K, used 140180K [0x0000000080000000, 0x0000000100000000)
  region size 1024K, 43 young (44032K), 6 survivors (6144K)
 Metaspace       used 95775K, committed 96320K, reserved 1179648K
  class space    used 12945K, committed 13184K, reserved 1048576K
GC Heap History (20 events):
Event: 7.500 GC heap before
{Heap before GC invocations=20 (full 0):
 garbage-first heap   total 103424K, used 82551K [0x0000000080000000, 0x0000000100000000)
  region size 1024K, 39 young (39936K), 1 survivors (1024K)
 Metaspace       used 68473K, committed 69056K, reserved 1114112K
  class space    used 9793K, committed 10048K, reserved 1048576K
}
Event: 7.503 GC heap after
{Heap after GC invocations=21 (full 0):
 garbage-first heap   total 103424K, used 44385K [0x0000000080000000, 0x0000000100000000)
  region size 1024K, 1 young (1024K), 1 survivors (1024K)
 Metaspace       used 68473K, committed 69056K, reserved 1114112K
  class space    used 9793K, committed 10048K, reserved 1048576K
}
Event: 8.117 GC heap before
{Heap before GC invocations=22 (full 0):
 garbage-first heap   total 103424K, used 91489K [0x0000000080000000, 0x0000000100000000)
  region size 1024K, 40 young (40960K), 1 survivors (1024K)
 Metaspace       used 74415K, committed 75008K, reserved 1114112K
  class space    used 10555K, committed 10816K, reserved 1048576K
}
Event: 8.121 GC heap after
{Heap after GC invocations=23 (full 0):
 garbage-first heap   total 103424K, used 52473K [0x0000000080000000, 0x0000000100000000)
  region size 1024K, 2 young (2048K), 2 survivors (2048K)
 Metaspace       used 74415K, committed 75008K, reserved 1114112K
  class space    used 10555K, committed 10816K, reserved 1048576K
}
Event: 8.161 GC heap before
{Heap before GC invocations=23 (full 0):
 garbage-first heap   total 103424K, used 55545K [0x0000000080000000, 0x0000000100000000)
  region size 1024K, 5 young (5120K), 2 survivors (2048K)
 Metaspace       used 74598K, committed 75200K, reserved 1114112K
  class space    used 10555K, committed 10816K, reserved 1048576K
}
Event: 8.164 GC heap after
{Heap after GC invocations=24 (full 0):
 garbage-first heap   total 103424K, used 52854K [0x0000000080000000, 0x0000000100000000)
  region size 1024K, 1 young (1024K), 1 survivors (1024K)
 Metaspace       used 74598K, committed 75200K, reserved 1114112K
  class space    used 10555K, committed 10816K, reserved 1048576K
}
Event: 8.411 GC heap before
{Heap before GC invocations=24 (full 0):
 garbage-first heap   total 103424K, used 83574K [0x0000000080000000, 0x0000000100000000)
  region size 1024K, 32 young (32768K), 1 survivors (1024K)
 Metaspace       used 74721K, committed 75328K, reserved 1114112K
  class space    used 10560K, committed 10816K, reserved 1048576K
}
Event: 8.418 GC heap after
{Heap after GC invocations=25 (full 0):
 garbage-first heap   total 103424K, used 56309K [0x0000000080000000, 0x0000000100000000)
  region size 1024K, 5 young (5120K), 5 survivors (5120K)
 Metaspace       used 74721K, committed 75328K, reserved 1114112K
  class space    used 10560K, committed 10816K, reserved 1048576K
}
Event: 8.524 GC heap before
{Heap before GC invocations=26 (full 0):
 garbage-first heap   total 114688K, used 84981K [0x0000000080000000, 0x0000000100000000)
  region size 1024K, 28 young (28672K), 5 survivors (5120K)
 Metaspace       used 74729K, committed 75328K, reserved 1114112K
  class space    used 10560K, committed 10816K, reserved 1048576K
}
Event: 8.531 GC heap after
{Heap after GC invocations=27 (full 0):
 garbage-first heap   total 114688K, used 66690K [0x0000000080000000, 0x0000000100000000)
  region size 1024K, 4 young (4096K), 4 survivors (4096K)
 Metaspace       used 74729K, committed 75328K, reserved 1114112K
  class space    used 10560K, committed 10816K, reserved 1048576K
}
Event: 8.534 GC heap before
{Heap before GC invocations=27 (full 0):
 garbage-first heap   total 114688K, used 67714K [0x0000000080000000, 0x0000000100000000)
  region size 1024K, 5 young (5120K), 4 survivors (4096K)
 Metaspace       used 74729K, committed 75328K, reserved 1114112K
  class space    used 10560K, committed 10816K, reserved 1048576K
}
Event: 8.536 GC heap after
{Heap after GC invocations=28 (full 0):
 garbage-first heap   total 114688K, used 67385K [0x0000000080000000, 0x0000000100000000)
  region size 1024K, 1 young (1024K), 1 survivors (1024K)
 Metaspace       used 74729K, committed 75328K, reserved 1114112K
  class space    used 10560K, committed 10816K, reserved 1048576K
}
Event: 8.624 GC heap before
{Heap before GC invocations=28 (full 0):
 garbage-first heap   total 114688K, used 91961K [0x0000000080000000, 0x0000000100000000)
  region size 1024K, 21 young (21504K), 1 survivors (1024K)
 Metaspace       used 74733K, committed 75328K, reserved 1114112K
  class space    used 10561K, committed 10816K, reserved 1048576K
}
Event: 8.629 GC heap after
{Heap after GC invocations=29 (full 0):
 garbage-first heap   total 291840K, used 74540K [0x0000000080000000, 0x0000000100000000)
  region size 1024K, 3 young (3072K), 3 survivors (3072K)
 Metaspace       used 74733K, committed 75328K, reserved 1114112K
  class space    used 10561K, committed 10816K, reserved 1048576K
}
Event: 9.782 GC heap before
{Heap before GC invocations=30 (full 0):
 garbage-first heap   total 291840K, used 201516K [0x0000000080000000, 0x0000000100000000)
  region size 1024K, 109 young (111616K), 3 survivors (3072K)
 Metaspace       used 83199K, committed 83776K, reserved 1179648K
  class space    used 11483K, committed 11776K, reserved 1048576K
}
Event: 9.811 GC heap after
{Heap after GC invocations=31 (full 0):
 garbage-first heap   total 291840K, used 99052K [0x0000000080000000, 0x0000000100000000)
  region size 1024K, 14 young (14336K), 14 survivors (14336K)
 Metaspace       used 83199K, committed 83776K, reserved 1179648K
  class space    used 11483K, committed 11776K, reserved 1048576K
}
Event: 9.830 GC heap before
{Heap before GC invocations=31 (full 0):
 garbage-first heap   total 291840K, used 100076K [0x0000000080000000, 0x0000000100000000)
  region size 1024K, 15 young (15360K), 14 survivors (14336K)
 Metaspace       used 83377K, committed 83968K, reserved 1179648K
  class space    used 11493K, committed 11776K, reserved 1048576K
}
Event: 9.840 GC heap after
{Heap after GC invocations=32 (full 0):
 garbage-first heap   total 291840K, used 99151K [0x0000000080000000, 0x0000000100000000)
  region size 1024K, 2 young (2048K), 2 survivors (2048K)
 Metaspace       used 83377K, committed 83968K, reserved 1179648K
  class space    used 11493K, committed 11776K, reserved 1048576K
}
Event: 12.179 GC heap before
{Heap before GC invocations=32 (full 0):
 garbage-first heap   total 291840K, used 201551K [0x0000000080000000, 0x0000000100000000)
  region size 1024K, 102 young (104448K), 2 survivors (2048K)
 Metaspace       used 95612K, committed 96128K, reserved 1179648K
  class space    used 12944K, committed 13184K, reserved 1048576K
}
Event: 12.192 GC heap after
{Heap after GC invocations=33 (full 0):
 garbage-first heap   total 291840K, used 103316K [0x0000000080000000, 0x0000000100000000)
  region size 1024K, 6 young (6144K), 6 survivors (6144K)
 Metaspace       used 95612K, committed 96128K, reserved 1179648K
  class space    used 12944K, committed 13184K, reserved 1048576K
}

